<?xml version="1.0" encoding="UTF-8"?>
<!-- Generated by org.testng.reporters.JUnitXMLReporter -->
<testsuite hostname="DESKTOP-6UHVP5N" ignored="0" name="Default test" tests="9" failures="0" timestamp="2020-06-30T20:28:58 IST" time="0.193" errors="0">
  <testcase name="add" time="0.015" classname="calculator.cal.CalculatorTest"/>
  <testcase name="divInt" time="0.004" classname="calculator.cal.CalculatorTest"/>
  <testcase name="divReal" time="0.005" classname="calculator.cal.CalculatorTest"/>
  <testcase name="exp" time="0.003" classname="calculator.cal.CalculatorTest"/>
  <testcase name="inverse" time="0.005" classname="calculator.cal.CalculatorTest"/>
  <testcase name="mod" time="0.008" classname="calculator.cal.CalculatorTest"/>
  <testcase name="mul" time="0.002" classname="calculator.cal.CalculatorTest"/>
  <testcase name="negate" time="0.004" classname="calculator.cal.CalculatorTest"/>
  <testcase name="sub" time="0.003" classname="calculator.cal.CalculatorTest"/>
</testsuite> <!-- Default test -->
